

times in msec
 clock   self+sourced   self:  sourced script
 clock   elapsed:              other lines

000.007  000.007: --- NVIM STARTING ---
000.122  000.116: event init
000.367  000.245: early init
001.969  001.602: locale set
002.049  000.080: init first window
003.088  001.039: inits 1
003.109  000.021: window checked
003.116  000.007: parsing arguments
003.906  000.113  000.113: require('vim.shared')
004.084  000.063  000.063: require('vim._meta')
004.086  000.174  000.111: require('vim._editor')
004.088  000.355  000.067: require('vim._init_packages')
004.090  000.618: init lua interpreter
006.433  002.344: expanding arguments
006.494  000.060: inits 2
006.903  000.409: init highlight
006.907  000.004: waiting for UI
010.010  003.103: done waiting for UI
010.021  000.010: clear screen
010.218  000.197: init default mappings
010.239  000.021: init default autocommands
011.625  000.088  000.088: sourcing /usr/local/Cellar/neovim/HEAD-e691730/share/nvim/runtime/ftplugin.vim
011.923  000.045  000.045: sourcing /usr/local/Cellar/neovim/HEAD-e691730/share/nvim/runtime/indent.vim
012.688  000.245  000.245: require('core.global')
012.962  000.271  000.271: require('core.utils')
013.417  000.265  000.265: require('core.default_config')
013.756  000.791  000.526: require('core.options')
014.055  000.296  000.296: require('core.autocmds')
014.414  000.357  000.357: require('core.mappings')
014.776  000.282  000.282: require('core.plugin')
018.590  000.284  000.284: require('packer.util')
018.623  002.338  002.053: require('packer')
020.123  000.593  000.593: require('packer.log')
020.128  000.936  000.343: require('packer.async')
020.774  000.246  000.246: require('packer.result')
020.778  000.649  000.403: require('packer.jobs')
020.784  002.118  000.532: require('packer.plugin_utils')
021.128  000.327  000.327: require('packer.snapshot')
021.638  006.809  002.027: require('core.plugin.list')
021.642  009.254  000.204: sourcing /Users/bytedance/.config/nvim/init.lua
021.684  002.057: sourcing vimrc file(s)
022.227  000.255  000.255: sourcing /usr/local/Cellar/neovim/HEAD-e691730/share/nvim/runtime/filetype.lua
023.018  000.146  000.146: sourcing /usr/local/Cellar/neovim/HEAD-e691730/share/nvim/runtime/syntax/synload.vim
023.199  000.721  000.575: sourcing /usr/local/Cellar/neovim/HEAD-e691730/share/nvim/runtime/syntax/syntax.vim
025.595  000.025  000.025: sourcing /usr/local/Cellar/neovim/HEAD-e691730/share/nvim/runtime/plugin/gzip.vim
025.855  000.024  000.024: sourcing /usr/local/Cellar/neovim/HEAD-e691730/share/nvim/runtime/plugin/health.vim
026.090  000.023  000.023: sourcing /usr/local/Cellar/neovim/HEAD-e691730/share/nvim/runtime/plugin/matchit.vim
026.510  000.194  000.194: sourcing /usr/local/Cellar/neovim/HEAD-e691730/share/nvim/runtime/plugin/matchparen.vim
026.794  000.028  000.028: sourcing /usr/local/Cellar/neovim/HEAD-e691730/share/nvim/runtime/plugin/netrwPlugin.vim
027.620  000.019  000.019: sourcing /Users/bytedance/.local/share/nvim/rplugin.vim
027.641  000.568  000.549: sourcing /usr/local/Cellar/neovim/HEAD-e691730/share/nvim/runtime/plugin/rplugin.vim
027.873  000.088  000.088: sourcing /usr/local/Cellar/neovim/HEAD-e691730/share/nvim/runtime/plugin/shada.vim
028.141  000.022  000.022: sourcing /usr/local/Cellar/neovim/HEAD-e691730/share/nvim/runtime/plugin/spellfile.vim
028.366  000.026  000.026: sourcing /usr/local/Cellar/neovim/HEAD-e691730/share/nvim/runtime/plugin/tarPlugin.vim
028.581  000.022  000.022: sourcing /usr/local/Cellar/neovim/HEAD-e691730/share/nvim/runtime/plugin/tohtml.vim
028.831  000.033  000.033: sourcing /usr/local/Cellar/neovim/HEAD-e691730/share/nvim/runtime/plugin/tutor.vim
029.025  000.030  000.030: sourcing /usr/local/Cellar/neovim/HEAD-e691730/share/nvim/runtime/plugin/zipPlugin.vim
033.918  000.242  000.242: sourcing /Users/bytedance/.local/share/nvim/site/pack/packer/opt/hop.nvim/plugin/hop.vim
035.999  001.711  001.711: require('hop')
036.564  000.359  000.359: require('hop.perm')
037.092  000.192  000.192: require('hop.priority')
037.097  000.529  000.337: require('hop.hint')
037.144  001.141  000.253: require('hop.defaults')
037.359  000.212  000.212: require('hop.highlight')
037.689  000.278  000.278: require('base46')
038.395  000.384  000.384: require('base46.themes.onedark')
038.446  000.753  000.369: require('base46.integrations.defaults')
038.756  000.307  000.307: require('base46.glassy')
039.332  000.309  000.309: require('base46.integrations.statusline')
039.824  000.357  000.357: require('base46.integrations.syntax')
041.567  000.435  000.435: require('plenary.bit')
041.770  000.199  000.199: require('plenary.functional')
041.806  000.019  000.019: require('ffi')
041.826  001.480  000.826: require('plenary.path')
042.706  000.563  000.563: require('plenary.job')
042.711  000.883  000.320: require('harpoon.utils')
043.750  000.738  000.738: require('plenary.log')
043.827  001.115  000.377: require('harpoon.dev')
043.942  000.072  000.072: require('vim.inspect')
044.639  004.728  001.178: require('harpoon')
046.878  000.687  000.687: require('spectre.config')
047.195  000.311  000.311: require('spectre.state')
048.781  000.296  000.296: require('spectre._log')
049.320  000.534  000.534: require('spectre.utils')
049.333  001.380  000.550: require('spectre.search.base')
049.336  001.714  000.335: require('spectre.search')
050.050  000.396  000.396: require('spectre.replace.base')
050.055  000.717  000.321: require('spectre.replace')
050.060  002.860  000.428: require('spectre.state_utils')
053.164  000.439  000.439: require('plenary.strings')
053.170  001.016  000.576: require('plenary.window.border')
053.495  000.324  000.324: require('plenary.window')
053.796  000.296  000.296: require('plenary.popup.utils')
053.816  000.014  000.014: require('vim.F')
053.823  002.522  000.873: require('plenary.popup')
053.833  003.770  001.247: require('spectre.ui')
055.124  000.224  000.224: require('plenary.tbl')
055.132  000.511  000.286: require('plenary.vararg.rotate')
055.134  000.670  000.160: require('plenary.vararg')
055.319  000.184  000.184: require('plenary.errors')
055.327  001.140  000.285: require('plenary.async.async')
056.517  000.279  000.279: require('plenary.async.structs')
056.526  000.611  000.332: require('plenary.async.control')
056.536  000.978  000.366: require('plenary.async.util')
056.538  001.209  000.232: require('plenary.async.tests')
056.542  002.706  000.357: require('plenary.async')
056.558  011.464  001.130: require('spectre')
057.997  000.063  000.063: sourcing /Users/bytedance/.local/share/nvim/site/pack/packer/opt/nvim-web-devicons/plugin/nvim-web-devicons.vim
061.524  001.542  001.542: require('nvim-web-devicons')
061.788  000.257  000.257: require('base46.integrations.devicons')
064.109  005.634  003.835: require('plugin-configs.icons')
067.238  000.833  000.833: require('alpha')
067.563  000.320  000.320: require('alpha.themes.dashboard')
067.782  000.209  000.209: require('base46.integrations.alpha')
067.848  002.746  001.383: require('plugin-configs.alpha')
068.019  038.507  008.561: sourcing /Users/bytedance/.config/nvim/plugin/packer_compiled.lua
069.170  000.114  000.114: sourcing /usr/local/Cellar/neovim/HEAD-e691730/share/nvim/runtime/plugin/man.lua
069.228  006.863: loading rtp plugins
070.301  000.047  000.047: sourcing /Users/bytedance/.local/share/nvim/site/pack/packer/start/plenary.nvim/plugin/plenary.vim
070.730  001.455: loading packages
070.804  000.074: loading after plugins
070.823  000.019: inits 3
072.077  001.254: reading ShaDa
072.558  000.419  000.419: require('packer.load')
076.208  000.762  000.762: require('lsp_signature.helper')
076.248  001.719  000.958: require('lsp_signature')
078.859  000.416  000.416: require('vim.lsp.log')
079.931  001.068  001.068: require('vim.lsp.protocol')
082.154  000.645  000.645: require('vim.lsp._snippet')
082.538  000.380  000.380: require('vim.highlight')
082.562  002.627  001.603: require('vim.lsp.util')
082.595  004.805  000.694: require('vim.lsp.handlers')
083.360  000.763  000.763: require('vim.lsp.rpc')
083.888  000.524  000.524: require('vim.lsp.sync')
084.722  000.830  000.830: require('vim.lsp.buf')
085.202  000.437  000.437: require('vim.lsp.diagnostic')
085.654  000.449  000.449: require('vim.lsp.codelens')
085.768  009.516  001.708: require('vim.lsp')
085.787  012.564  001.329: require('plugin-configs.lspsignature')
087.227  000.277  000.277: sourcing /Users/bytedance/.local/share/nvim/site/pack/packer/opt/nvim-lspconfig/plugin/lspconfig.lua
089.300  000.214  000.214: require('base46.integrations.lsp')
091.302  001.969  001.969: require('vim.diagnostic')
091.353  002.572  000.389: require('core.lsp.setup')
092.814  000.557  000.557: require('lspconfig.util')
092.818  001.003  000.446: require('lspconfig.configs')
092.821  001.237  000.233: require('lspconfig')
093.256  000.434  000.434: require('core.lsp.opts')
093.582  000.320  000.320: require('core.lsp.providers.tsserver')
094.065  000.352  000.352: require('lspconfig.server_configurations.tsserver')
095.662  000.451  000.451: require('lspconfig.server_configurations.vuels')
096.627  000.423  000.423: require('lspconfig.server_configurations.cssls')
097.587  000.390  000.390: require('lspconfig.server_configurations.cssmodules_ls')
101.857  003.626  003.626: require('schemastore')
106.264  004.228  004.228: require('schemastore.catalog')
107.047  009.144  001.291: require('core.lsp.providers.jsonls')
107.382  000.309  000.309: require('lspconfig.server_configurations.jsonls')
107.877  000.310  000.310: require('lspconfig.server_configurations.html')
108.534  000.565  000.565: require('lspconfig.server_configurations.eslint')
109.124  000.215  000.215: require('core.lsp.providers.sumneko_lua')
109.450  000.315  000.315: require('lspconfig.server_configurations.sumneko_lua')
109.580  018.225  003.760: require('core.lsp.install')
109.583  022.168  001.372: require('core.lsp')
109.686  002.181: opening buffers
109.723  000.037: BufEnter autocommands
109.729  000.006: editing files in windows
